<?xml version="1.0" encoding="UTF-8"?>
<testng-results skipped="0" failed="1" total="10" passed="9">
  <reporter-output>
  </reporter-output>
  <suite name="Regression-Suite" duration-ms="218293" started-at="2018-04-29T18:22:26Z" finished-at="2018-04-29T18:26:05Z">
    <groups>
    </groups>
    <test name="loginTest" duration-ms="218293" started-at="2018-04-29T18:22:26Z" finished-at="2018-04-29T18:26:05Z">
      <class name="home.HomePageNavigation">
        <test-method status="PASS" signature="testSetup()[pri:0, instance:home.HomePageNavigation@7722c3c3]" name="testSetup" is-config="true" duration-ms="42" started-at="2018-04-29T23:52:26Z" finished-at="2018-04-29T23:52:27Z">
          <reporter-output>
          </reporter-output>
        </test-method> <!-- testSetup -->
        <test-method status="PASS" signature="setup()[pri:0, instance:home.HomePageNavigation@7722c3c3]" name="setup" is-config="true" duration-ms="31319" started-at="2018-04-29T23:52:27Z" finished-at="2018-04-29T23:52:58Z">
          <reporter-output>
          </reporter-output>
        </test-method> <!-- setup -->
        <test-method status="PASS" signature="basepage_navigation(java.lang.String, java.lang.String)[pri:0, instance:home.HomePageNavigation@7722c3c3]" name="basepage_navigation" duration-ms="25767" started-at="2018-04-29T23:52:58Z" data-provider="getData" finished-at="2018-04-29T23:53:24Z">
          <params>
            <param index="0">
              <value>
                <![CDATA[uday@hmail.com]]>
              </value>
            </param>
            <param index="1">
              <value>
                <![CDATA[password1]]>
              </value>
            </param>
          </params>
          <reporter-output>
          </reporter-output>
        </test-method> <!-- basepage_navigation -->
        <test-method status="PASS" signature="setTestResult(org.testng.ITestResult)[pri:0, instance:home.HomePageNavigation@7722c3c3]" name="setTestResult" is-config="true" duration-ms="4385" started-at="2018-04-29T23:53:24Z" finished-at="2018-04-29T23:53:28Z">
          <params>
            <param index="0">
              <value>
                <![CDATA[[TestResult name=basepage_navigation status=SUCCESS method=HomePageNavigation.basepage_navigation(java.lang.String, java.lang.String)[pri:0, instance:home.HomePageNavigation@7722c3c3] output={null}]]]>
              </value>
            </param>
          </params>
          <reporter-output>
          </reporter-output>
        </test-method> <!-- setTestResult -->
        <test-method status="PASS" signature="setup()[pri:0, instance:home.HomePageNavigation@7722c3c3]" name="setup" is-config="true" duration-ms="7818" started-at="2018-04-29T23:53:28Z" finished-at="2018-04-29T23:53:36Z">
          <reporter-output>
          </reporter-output>
        </test-method> <!-- setup -->
        <test-method status="PASS" signature="basepage_navigation(java.lang.String, java.lang.String)[pri:0, instance:home.HomePageNavigation@7722c3c3]" name="basepage_navigation" duration-ms="20224" started-at="2018-04-29T23:53:36Z" data-provider="getData" finished-at="2018-04-29T23:53:56Z">
          <params>
            <param index="0">
              <value>
                <![CDATA[udaykumar@gmail.com]]>
              </value>
            </param>
            <param index="1">
              <value>
                <![CDATA[password2]]>
              </value>
            </param>
          </params>
          <reporter-output>
          </reporter-output>
        </test-method> <!-- basepage_navigation -->
        <test-method status="PASS" signature="setTestResult(org.testng.ITestResult)[pri:0, instance:home.HomePageNavigation@7722c3c3]" name="setTestResult" is-config="true" duration-ms="1663" started-at="2018-04-29T23:53:56Z" finished-at="2018-04-29T23:53:58Z">
          <params>
            <param index="0">
              <value>
                <![CDATA[[TestResult name=basepage_navigation status=SUCCESS method=HomePageNavigation.basepage_navigation(java.lang.String, java.lang.String)[pri:0, instance:home.HomePageNavigation@7722c3c3] output={null}]]]>
              </value>
            </param>
          </params>
          <reporter-output>
          </reporter-output>
        </test-method> <!-- setTestResult -->
        <test-method status="PASS" signature="closeup()[pri:0, instance:home.HomePageNavigation@7722c3c3]" name="closeup" is-config="true" duration-ms="136" started-at="2018-04-29T23:53:58Z" finished-at="2018-04-29T23:53:58Z">
          <reporter-output>
          </reporter-output>
        </test-method> <!-- closeup -->
      </class> <!-- home.HomePageNavigation -->
      <class name="home.BaseTestSuite">
        <test-method status="PASS" signature="startSuite(org.testng.ITestContext)[pri:0, instance:home.BaseTestSuite@130161f7]" name="startSuite" is-config="true" duration-ms="1388" started-at="2018-04-29T23:52:25Z" finished-at="2018-04-29T23:52:26Z">
          <params>
            <param index="0">
              <value>
                <![CDATA[org.testng.TestRunner@53499d85]]>
              </value>
            </param>
          </params>
          <reporter-output>
          </reporter-output>
        </test-method> <!-- startSuite -->
        <test-method status="PASS" signature="endSuite()[pri:0, instance:home.BaseTestSuite@130161f7]" name="endSuite" is-config="true" duration-ms="153" started-at="2018-04-29T23:56:07Z" finished-at="2018-04-29T23:56:08Z">
          <reporter-output>
          </reporter-output>
        </test-method> <!-- endSuite -->
      </class> <!-- home.BaseTestSuite -->
      <class name="home.MenuBar">
        <test-method status="PASS" signature="testSetup()[pri:0, instance:home.MenuBar@243c4f91]" name="testSetup" is-config="true" duration-ms="1" started-at="2018-04-29T23:53:58Z" finished-at="2018-04-29T23:53:58Z">
          <reporter-output>
          </reporter-output>
        </test-method> <!-- testSetup -->
        <test-method status="PASS" signature="setup()[pri:0, instance:home.MenuBar@243c4f91]" name="setup" is-config="true" duration-ms="5440" started-at="2018-04-29T23:53:58Z" finished-at="2018-04-29T23:54:03Z">
          <reporter-output>
          </reporter-output>
        </test-method> <!-- setup -->
        <test-method status="PASS" signature="validateHomeButton()[pri:0, instance:home.MenuBar@243c4f91]" name="validateHomeButton" duration-ms="8518" started-at="2018-04-29T23:54:03Z" finished-at="2018-04-29T23:54:12Z">
          <reporter-output>
          </reporter-output>
        </test-method> <!-- validateHomeButton -->
        <test-method status="PASS" signature="setTestResult(org.testng.ITestResult)[pri:0, instance:home.MenuBar@243c4f91]" name="setTestResult" is-config="true" duration-ms="1029" started-at="2018-04-29T23:54:12Z" finished-at="2018-04-29T23:54:13Z">
          <params>
            <param index="0">
              <value>
                <![CDATA[[TestResult name=validateHomeButton status=SUCCESS method=MenuBar.validateHomeButton()[pri:0, instance:home.MenuBar@243c4f91] output={null}]]]>
              </value>
            </param>
          </params>
          <reporter-output>
          </reporter-output>
        </test-method> <!-- setTestResult -->
        <test-method status="PASS" signature="setup()[pri:0, instance:home.MenuBar@243c4f91]" name="setup" is-config="true" duration-ms="5497" started-at="2018-04-29T23:54:13Z" finished-at="2018-04-29T23:54:18Z">
          <reporter-output>
          </reporter-output>
        </test-method> <!-- setup -->
        <test-method status="FAIL" signature="validateCoursesButton()[pri:0, instance:home.MenuBar@243c4f91]" name="validateCoursesButton" duration-ms="15589" started-at="2018-04-29T23:54:18Z" finished-at="2018-04-29T23:54:34Z">
          <exception class="org.openqa.selenium.NoSuchElementException">
            <message>
              <![CDATA[no such element: Unable to locate element: {"method":"xpath","selector":"//ul[@class='nav navbar-nav navbar-right']/li[2]/aaa"}
  (Session info: chrome=66.0.3359.117)
  (Driver info: chromedriver=2.37.544315 (730aa6a5fdba159ac9f4c1e8cbc59bf1b5ce12b7),platform=Windows NT 10.0.15063 x86_64) (WARNING: The server did not provide any stacktrace information)
Command duration or timeout: 0 milliseconds
For documentation on this error, please visit: http://seleniumhq.org/exceptions/no_such_element.html
Build info: version: '3.11.0', revision: 'e59cfb3', time: '2018-03-11T20:26:55.152Z'
System info: host: 'LAPTOP-V5LK2TQE', ip: '192.168.43.220', os.name: 'Windows 10', os.arch: 'amd64', os.version: '10.0', java.version: '1.8.0_131'
Driver info: org.openqa.selenium.chrome.ChromeDriver
Capabilities {acceptInsecureCerts: false, acceptSslCerts: false, applicationCacheEnabled: false, browserConnectionEnabled: false, browserName: chrome, chrome: {chromedriverVersion: 2.37.544315 (730aa6a5fdba15..., userDataDir: C:\Users\UDAY\AppData\Local...}, cssSelectorsEnabled: true, databaseEnabled: false, handlesAlerts: true, hasTouchScreen: false, javascriptEnabled: true, locationContextEnabled: true, mobileEmulationEnabled: false, nativeEvents: true, networkConnectionEnabled: false, pageLoadStrategy: normal, platform: XP, platformName: XP, rotatable: false, setWindowRect: true, takesHeapSnapshot: true, takesScreenshot: true, unexpectedAlertBehaviour: , unhandledPromptBehavior: , version: 66.0.3359.117, webStorageEnabled: true}
Session ID: 343feca5d04893d43c95fb04bc56b3ec
*** Element info: {Using=xpath, value=//ul[@class='nav navbar-nav navbar-right']/li[2]/aaa}]]>
            </message>
            <full-stacktrace>
              <![CDATA[org.openqa.selenium.NoSuchElementException: no such element: Unable to locate element: {"method":"xpath","selector":"//ul[@class='nav navbar-nav navbar-right']/li[2]/aaa"}
  (Session info: chrome=66.0.3359.117)
  (Driver info: chromedriver=2.37.544315 (730aa6a5fdba159ac9f4c1e8cbc59bf1b5ce12b7),platform=Windows NT 10.0.15063 x86_64) (WARNING: The server did not provide any stacktrace information)
Command duration or timeout: 0 milliseconds
For documentation on this error, please visit: http://seleniumhq.org/exceptions/no_such_element.html
Build info: version: '3.11.0', revision: 'e59cfb3', time: '2018-03-11T20:26:55.152Z'
System info: host: 'LAPTOP-V5LK2TQE', ip: '192.168.43.220', os.name: 'Windows 10', os.arch: 'amd64', os.version: '10.0', java.version: '1.8.0_131'
Driver info: org.openqa.selenium.chrome.ChromeDriver
Capabilities {acceptInsecureCerts: false, acceptSslCerts: false, applicationCacheEnabled: false, browserConnectionEnabled: false, browserName: chrome, chrome: {chromedriverVersion: 2.37.544315 (730aa6a5fdba15..., userDataDir: C:\Users\UDAY\AppData\Local...}, cssSelectorsEnabled: true, databaseEnabled: false, handlesAlerts: true, hasTouchScreen: false, javascriptEnabled: true, locationContextEnabled: true, mobileEmulationEnabled: false, nativeEvents: true, networkConnectionEnabled: false, pageLoadStrategy: normal, platform: XP, platformName: XP, rotatable: false, setWindowRect: true, takesHeapSnapshot: true, takesScreenshot: true, unexpectedAlertBehaviour: , unhandledPromptBehavior: , version: 66.0.3359.117, webStorageEnabled: true}
Session ID: 343feca5d04893d43c95fb04bc56b3ec
*** Element info: {Using=xpath, value=//ul[@class='nav navbar-nav navbar-right']/li[2]/aaa}
	at sun.reflect.NativeConstructorAccessorImpl.newInstance0(Native Method)
	at sun.reflect.NativeConstructorAccessorImpl.newInstance(NativeConstructorAccessorImpl.java:62)
	at sun.reflect.DelegatingConstructorAccessorImpl.newInstance(DelegatingConstructorAccessorImpl.java:45)
	at java.lang.reflect.Constructor.newInstance(Constructor.java:423)
	at org.openqa.selenium.remote.ErrorHandler.createThrowable(ErrorHandler.java:214)
	at org.openqa.selenium.remote.ErrorHandler.throwIfResponseFailed(ErrorHandler.java:166)
	at org.openqa.selenium.remote.http.JsonHttpResponseCodec.reconstructValue(JsonHttpResponseCodec.java:40)
	at org.openqa.selenium.remote.http.AbstractHttpResponseCodec.decode(AbstractHttpResponseCodec.java:80)
	at org.openqa.selenium.remote.http.AbstractHttpResponseCodec.decode(AbstractHttpResponseCodec.java:44)
	at org.openqa.selenium.remote.HttpCommandExecutor.execute(HttpCommandExecutor.java:158)
	at org.openqa.selenium.remote.service.DriverCommandExecutor.execute(DriverCommandExecutor.java:83)
	at org.openqa.selenium.remote.RemoteWebDriver.execute(RemoteWebDriver.java:545)
	at org.openqa.selenium.remote.RemoteWebDriver.findElement(RemoteWebDriver.java:319)
	at org.openqa.selenium.remote.RemoteWebDriver.findElementByXPath(RemoteWebDriver.java:421)
	at org.openqa.selenium.By$ByXPath.findElement(By.java:361)
	at org.openqa.selenium.remote.RemoteWebDriver.findElement(RemoteWebDriver.java:311)
	at pageObjects.HomePage.getCoursesButton(HomePage.java:41)
	at home.MenuBar.validateCoursesButton(MenuBar.java:55)
	at sun.reflect.NativeMethodAccessorImpl.invoke0(Native Method)
	at sun.reflect.NativeMethodAccessorImpl.invoke(NativeMethodAccessorImpl.java:62)
	at sun.reflect.DelegatingMethodAccessorImpl.invoke(DelegatingMethodAccessorImpl.java:43)
	at java.lang.reflect.Method.invoke(Method.java:498)
	at org.testng.internal.MethodInvocationHelper.invokeMethod(MethodInvocationHelper.java:80)
	at org.testng.internal.Invoker.invokeMethod(Invoker.java:714)
	at org.testng.internal.Invoker.invokeTestMethod(Invoker.java:901)
	at org.testng.internal.Invoker.invokeTestMethods(Invoker.java:1231)
	at org.testng.internal.TestMethodWorker.invokeTestMethods(TestMethodWorker.java:127)
	at org.testng.internal.TestMethodWorker.run(TestMethodWorker.java:111)
	at org.testng.TestRunner.privateRun(TestRunner.java:767)
	at org.testng.TestRunner.run(TestRunner.java:617)
	at org.testng.SuiteRunner.runTest(SuiteRunner.java:334)
	at org.testng.SuiteRunner.runSequentially(SuiteRunner.java:329)
	at org.testng.SuiteRunner.privateRun(SuiteRunner.java:291)
	at org.testng.SuiteRunner.run(SuiteRunner.java:240)
	at org.testng.SuiteRunnerWorker.runSuite(SuiteRunnerWorker.java:52)
	at org.testng.SuiteRunnerWorker.run(SuiteRunnerWorker.java:86)
	at org.testng.TestNG.runSuitesSequentially(TestNG.java:1198)
	at org.testng.TestNG.runSuitesLocally(TestNG.java:1123)
	at org.testng.TestNG.run(TestNG.java:1031)
	at org.apache.maven.surefire.testng.TestNGExecutor.run(TestNGExecutor.java:283)
	at org.apache.maven.surefire.testng.TestNGXmlTestSuite.execute(TestNGXmlTestSuite.java:75)
	at org.apache.maven.surefire.testng.TestNGProvider.invoke(TestNGProvider.java:120)
	at org.apache.maven.surefire.booter.ForkedBooter.invokeProviderInSameClassLoader(ForkedBooter.java:379)
	at org.apache.maven.surefire.booter.ForkedBooter.runSuitesInProcess(ForkedBooter.java:340)
	at org.apache.maven.surefire.booter.ForkedBooter.execute(ForkedBooter.java:125)
	at org.apache.maven.surefire.booter.ForkedBooter.main(ForkedBooter.java:413)
]]>
            </full-stacktrace>
          </exception> <!-- org.openqa.selenium.NoSuchElementException -->
          <reporter-output>
          </reporter-output>
        </test-method> <!-- validateCoursesButton -->
        <test-method status="PASS" signature="setTestResult(org.testng.ITestResult)[pri:0, instance:home.MenuBar@243c4f91]" name="setTestResult" is-config="true" duration-ms="1555" started-at="2018-04-29T23:54:34Z" finished-at="2018-04-29T23:54:36Z">
          <params>
            <param index="0">
              <value>
                <![CDATA[[TestResult name=validateCoursesButton status=FAILURE method=MenuBar.validateCoursesButton()[pri:0, instance:home.MenuBar@243c4f91] output={null}]]]>
              </value>
            </param>
          </params>
          <reporter-output>
          </reporter-output>
        </test-method> <!-- setTestResult -->
        <test-method status="PASS" signature="setup()[pri:0, instance:home.MenuBar@243c4f91]" name="setup" is-config="true" duration-ms="5091" started-at="2018-04-29T23:54:36Z" finished-at="2018-04-29T23:54:41Z">
          <reporter-output>
          </reporter-output>
        </test-method> <!-- setup -->
        <test-method status="PASS" signature="validateVideosButton()[pri:0, instance:home.MenuBar@243c4f91]" name="validateVideosButton" duration-ms="9795" started-at="2018-04-29T23:54:41Z" finished-at="2018-04-29T23:54:50Z">
          <reporter-output>
          </reporter-output>
        </test-method> <!-- validateVideosButton -->
        <test-method status="PASS" signature="setTestResult(org.testng.ITestResult)[pri:0, instance:home.MenuBar@243c4f91]" name="setTestResult" is-config="true" duration-ms="2111" started-at="2018-04-29T23:54:50Z" finished-at="2018-04-29T23:54:53Z">
          <params>
            <param index="0">
              <value>
                <![CDATA[[TestResult name=validateVideosButton status=SUCCESS method=MenuBar.validateVideosButton()[pri:0, instance:home.MenuBar@243c4f91] output={null}]]]>
              </value>
            </param>
          </params>
          <reporter-output>
          </reporter-output>
        </test-method> <!-- setTestResult -->
        <test-method status="PASS" signature="setup()[pri:0, instance:home.MenuBar@243c4f91]" name="setup" is-config="true" duration-ms="5242" started-at="2018-04-29T23:54:53Z" finished-at="2018-04-29T23:54:58Z">
          <reporter-output>
          </reporter-output>
        </test-method> <!-- setup -->
        <test-method status="PASS" signature="validateInterviewGuideButton()[pri:0, instance:home.MenuBar@243c4f91]" name="validateInterviewGuideButton" duration-ms="6238" started-at="2018-04-29T23:54:58Z" finished-at="2018-04-29T23:55:04Z">
          <reporter-output>
          </reporter-output>
        </test-method> <!-- validateInterviewGuideButton -->
        <test-method status="PASS" signature="setTestResult(org.testng.ITestResult)[pri:0, instance:home.MenuBar@243c4f91]" name="setTestResult" is-config="true" duration-ms="1071" started-at="2018-04-29T23:55:04Z" finished-at="2018-04-29T23:55:05Z">
          <params>
            <param index="0">
              <value>
                <![CDATA[[TestResult name=validateInterviewGuideButton status=SUCCESS method=MenuBar.validateInterviewGuideButton()[pri:0, instance:home.MenuBar@243c4f91] output={null}]]]>
              </value>
            </param>
          </params>
          <reporter-output>
          </reporter-output>
        </test-method> <!-- setTestResult -->
        <test-method status="PASS" signature="setup()[pri:0, instance:home.MenuBar@243c4f91]" name="setup" is-config="true" duration-ms="4660" started-at="2018-04-29T23:55:05Z" finished-at="2018-04-29T23:55:10Z">
          <reporter-output>
          </reporter-output>
        </test-method> <!-- setup -->
        <test-method status="PASS" signature="validatePracticeButton()[pri:0, instance:home.MenuBar@243c4f91]" name="validatePracticeButton" duration-ms="9489" started-at="2018-04-29T23:55:10Z" finished-at="2018-04-29T23:55:19Z">
          <reporter-output>
          </reporter-output>
        </test-method> <!-- validatePracticeButton -->
        <test-method status="PASS" signature="setTestResult(org.testng.ITestResult)[pri:0, instance:home.MenuBar@243c4f91]" name="setTestResult" is-config="true" duration-ms="1270" started-at="2018-04-29T23:55:19Z" finished-at="2018-04-29T23:55:20Z">
          <params>
            <param index="0">
              <value>
                <![CDATA[[TestResult name=validatePracticeButton status=SUCCESS method=MenuBar.validatePracticeButton()[pri:0, instance:home.MenuBar@243c4f91] output={null}]]]>
              </value>
            </param>
          </params>
          <reporter-output>
          </reporter-output>
        </test-method> <!-- setTestResult -->
        <test-method status="PASS" signature="setup()[pri:0, instance:home.MenuBar@243c4f91]" name="setup" is-config="true" duration-ms="4001" started-at="2018-04-29T23:55:20Z" finished-at="2018-04-29T23:55:24Z">
          <reporter-output>
          </reporter-output>
        </test-method> <!-- setup -->
        <test-method status="PASS" signature="validateBlogButton()[pri:0, instance:home.MenuBar@243c4f91]" name="validateBlogButton" duration-ms="11859" started-at="2018-04-29T23:55:24Z" finished-at="2018-04-29T23:55:36Z">
          <reporter-output>
          </reporter-output>
        </test-method> <!-- validateBlogButton -->
        <test-method status="PASS" signature="setTestResult(org.testng.ITestResult)[pri:0, instance:home.MenuBar@243c4f91]" name="setTestResult" is-config="true" duration-ms="1169" started-at="2018-04-29T23:55:36Z" finished-at="2018-04-29T23:55:38Z">
          <params>
            <param index="0">
              <value>
                <![CDATA[[TestResult name=validateBlogButton status=SUCCESS method=MenuBar.validateBlogButton()[pri:0, instance:home.MenuBar@243c4f91] output={null}]]]>
              </value>
            </param>
          </params>
          <reporter-output>
          </reporter-output>
        </test-method> <!-- setTestResult -->
        <test-method status="PASS" signature="setup()[pri:0, instance:home.MenuBar@243c4f91]" name="setup" is-config="true" duration-ms="3542" started-at="2018-04-29T23:55:38Z" finished-at="2018-04-29T23:55:41Z">
          <reporter-output>
          </reporter-output>
        </test-method> <!-- setup -->
        <test-method status="PASS" signature="validateAboutButton()[pri:0, instance:home.MenuBar@243c4f91]" name="validateAboutButton" duration-ms="7353" started-at="2018-04-29T23:55:41Z" finished-at="2018-04-29T23:55:48Z">
          <reporter-output>
          </reporter-output>
        </test-method> <!-- validateAboutButton -->
        <test-method status="PASS" signature="setTestResult(org.testng.ITestResult)[pri:0, instance:home.MenuBar@243c4f91]" name="setTestResult" is-config="true" duration-ms="1411" started-at="2018-04-29T23:55:48Z" finished-at="2018-04-29T23:55:50Z">
          <params>
            <param index="0">
              <value>
                <![CDATA[[TestResult name=validateAboutButton status=SUCCESS method=MenuBar.validateAboutButton()[pri:0, instance:home.MenuBar@243c4f91] output={null}]]]>
              </value>
            </param>
          </params>
          <reporter-output>
          </reporter-output>
        </test-method> <!-- setTestResult -->
        <test-method status="PASS" signature="setup()[pri:0, instance:home.MenuBar@243c4f91]" name="setup" is-config="true" duration-ms="4842" started-at="2018-04-29T23:55:50Z" finished-at="2018-04-29T23:55:55Z">
          <reporter-output>
          </reporter-output>
        </test-method> <!-- setup -->
        <test-method status="PASS" signature="validateContactButton()[pri:0, instance:home.MenuBar@243c4f91]" name="validateContactButton" duration-ms="7437" started-at="2018-04-29T23:55:55Z" finished-at="2018-04-29T23:56:02Z">
          <reporter-output>
          </reporter-output>
        </test-method> <!-- validateContactButton -->
        <test-method status="PASS" signature="setTestResult(org.testng.ITestResult)[pri:0, instance:home.MenuBar@243c4f91]" name="setTestResult" is-config="true" duration-ms="2634" started-at="2018-04-29T23:56:02Z" finished-at="2018-04-29T23:56:05Z">
          <params>
            <param index="0">
              <value>
                <![CDATA[[TestResult name=validateContactButton status=SUCCESS method=MenuBar.validateContactButton()[pri:0, instance:home.MenuBar@243c4f91] output={null}]]]>
              </value>
            </param>
          </params>
          <reporter-output>
          </reporter-output>
        </test-method> <!-- setTestResult -->
      </class> <!-- home.MenuBar -->
    </test> <!-- loginTest -->
  </suite> <!-- Regression-Suite -->
</testng-results>
